{"level":"debug","message":"New bid for User:ron_ikck@yahoo.caof amount:70000for item id:19","timestamp":"2016-10-15T08:08:06.012Z"}rn{"level":"debug","message":"New bid for User:ron_ikck@yahoo.caof amount:90000for item id:19","timestamp":"2016-10-15T08:16:01.838Z"}rn{"level":"debug","message":"New bid for User:ron_ikck@yahoo.caof amount:91000for item id:19","timestamp":"2016-10-15T08:25:10.811Z"}rn{"level":"debug","message":"New bid for User:ron_ikck@yahoo.caof amount:92000for item id:19","timestamp":"2016-10-15T08:25:14.957Z"}rn{"level":"debug","message":"New bid for User:ron_ikck@yahoo.ca, New Bid amount:93000 for item id:19","timestamp":"2016-10-15T08:26:46.419Z"}rn{"level":"debug","message":"New bid for User:ron_ikck@yahoo.ca, New Bid amount:100000 for item id:19","timestamp":"2016-10-15T08:27:48.201Z"}n{"level":"debug","message":"Bid Won by user:ron_ikck@yahoo.ca, Highest Bid amount:100000 for item id:19","timestamp":"2016-10-15T08:38:03.932Z"}n{"level":"debug","message":"New bid for User:kunal312@gmail.com, New Bid amount:98 for item id:22","timestamp":"2016-10-15T21:22:50.525Z"}n{"level":"debug","message":"New bid for User:ron_ikck@yahoo.ca, New Bid amount:101 for item id:22","timestamp":"Sat Oct 15 2016 19:57:04 GMT-0700 (PDT)"}n{"level":"debug","message":"New bid for User:ron_ikck@yahoo.ca, New Bid amount:78 for item id:23","timestamp":"Sat Oct 15 2016 19:57:10 GMT-0700 (PDT)"}n{"level":"debug","message":"New bid for User:tcook@gmail.com, New Bid amount:98 for item id:23","timestamp":"Sat Oct 15 2016 19:57:35 GMT-0700 (PDT)"}n{"level":"debug","message":"New bid for User:tcook@gmail.com, New Bid amount:65 for item id:24","timestamp":"Sat Oct 15 2016 19:57:41 GMT-0700 (PDT)"}n{"level":"debug","message":"New bid for User:kunal312@gmail.com, New Bid amount:123 for item id:22","timestamp":"Sat Oct 15 2016 20:46:02 GMT-0700 (PDT)"}n{"level":"debug","message":"New bid for User:kunal312@gmail.com, New Bid amount:99 for item id:22","timestamp":"Sat Oct 15 2016 23:11:20 GMT-0700 (PDT)"}/n{"level":"debug","message":"New bid for User:kunal312@gmail.com, New Bid amount:150 for item id:22","timestamp":"Sat Oct 15 2016 23:12:51 GMT-0700 (PDT)"}
{"level":"debug","message":"New bid for User:kunal312@gmail.com, New Bid amount:90 for item id:22","timestamp":"Sun Oct 16 2016 13:59:04 GMT-0700 (PDT)"}
{"level":"debug","message":"New bid for User:kunal312@gmail.com, New Bid amount:199 for item id:22","timestamp":"Sun Oct 16 2016 18:52:16 GMT-0700 (PDT)"}
{"level":"debug","message":"Bid Won by user:undefined, Highest Bid amount:290 for item id:22","timestamp":"Fri Oct 21 2016 18:05:06 GMT-0700 (PDT)"}
{"level":"debug","message":"Bid Won by user:tcook@gmail.com, Highest Bid amount:98 for item id:23","timestamp":"Fri Oct 21 2016 18:05:06 GMT-0700 (PDT)"}
{"level":"debug","message":"Bid Won by user:tcook@gmail.com, Highest Bid amount:74 for item id:24","timestamp":"Fri Oct 21 2016 18:05:06 GMT-0700 (PDT)"}
{"level":"debug","message":"Bid Won by user:null, Highest Bid amount:0 for item id:26","timestamp":"Fri Oct 21 2016 18:05:06 GMT-0700 (PDT)"}
{"level":"debug","message":"New bid for User:kunal312@gmail.com, New Bid amount:89888 for item id:undefined","timestamp":"Sat Nov 05 2016 10:02:56 GMT-0700 (PDT)"}
{"level":"debug","message":"New bid for User:kunal312@gmail.com, New Bid amount:40000 for item id:5819a1319a7546753a9bff87","timestamp":"Sat Nov 05 2016 10:03:19 GMT-0700 (PDT)"}
{"level":"debug","message":"New bid for User:kunal312@gmail.com, New Bid amount:40000 for item id:5819a1319a7546753a9bff87","timestamp":"Sat Nov 05 2016 10:14:19 GMT-0700 (PDT)"}
{"level":"debug","message":"New bid for User:kunal312@gmail.com, New Bid amount:40000 for item id:5819a1319a7546753a9bff87","timestamp":"Sat Nov 05 2016 10:14:58 GMT-0700 (PDT)"}
{"level":"debug","message":"New bid for User:kunal312@gmail.com, New Bid amount:40000 for item id:5819a1319a7546753a9bff87","timestamp":"Sat Nov 05 2016 10:16:58 GMT-0700 (PDT)"}
{"level":"debug","message":"New bid for User:kunal312@gmail.com, New Bid amount:41000 for item id:5819a1319a7546753a9bff87","timestamp":"Sat Nov 05 2016 11:05:07 GMT-0700 (PDT)"}
{"level":"debug","message":"New bid for User:kunal312@gmail.com, New Bid amount:41000 for item id:5819a1319a7546753a9bff87","timestamp":"Sat Nov 05 2016 11:07:07 GMT-0700 (PDT)"}
{"level":"debug","message":"New bid for User:kunal312@gmail.com, New Bid amount:41000 for item id:5819a1319a7546753a9bff87","timestamp":"Sat Nov 05 2016 11:09:16 GMT-0700 (PDT)"}
{"level":"debug","message":"New bid for User:kunal312@gmail.com, New Bid amount:41000 for item id:5819a1319a7546753a9bff87","timestamp":"Sat Nov 05 2016 11:11:16 GMT-0700 (PDT)"}
{"level":"debug","message":"New bid for User:kunal312@gmail.com, New Bid amount:41000 for item id:5819a1319a7546753a9bff87","timestamp":"Sat Nov 05 2016 11:14:03 GMT-0700 (PDT)"}
{"level":"debug","message":"New bid for User:kunal312@gmail.com, New Bid amount:41000 for item id:5819a1319a7546753a9bff87","timestamp":"Sat Nov 05 2016 11:56:12 GMT-0700 (PDT)"}
{"level":"debug","message":"New bid for User:ma@gmail.com, New Bid amount:567 for item id:58199e679a7546753a9bff85","timestamp":"Sat Nov 05 2016 11:57:29 GMT-0700 (PDT)"}
{"level":"debug","message":"New bid for User:tcook@gmail.com, New Bid amount:679 for item id:58199e679a7546753a9bff85","timestamp":"Sat Nov 05 2016 12:28:11 GMT-0700 (PDT)"}
{"level":"debug","message":"New bid for User:tcook@gmail.com, New Bid amount:45000 for item id:5819a1319a7546753a9bff87","timestamp":"Sat Nov 05 2016 12:28:13 GMT-0700 (PDT)"}
{"level":"debug","message":"New bid for User:ma@gmail.com, New Bid amount:750 for item id:581e417538076f50e33f1449","timestamp":"Sat Nov 05 2016 13:31:12 GMT-0700 (PDT)"}
{"level":"debug","message":"New bid for User:kunal312@gmail.com, New Bid amount:80000 for item id:5819a1319a7546753a9bff87","timestamp":"Sat Nov 05 2016 15:05:22 GMT-0700 (PDT)"}
{"level":"debug","message":"New bid for User:ma@gmail.com, New Bid amount:45000 for item id:581e57f69941ef651ae515f0","timestamp":"Sat Nov 05 2016 15:07:05 GMT-0700 (PDT)"}
{"level":"debug","message":"New bid for User:kunal312@gmail.com, New Bid amount:256 for item id:581e80b2037a9787af06b8a3","timestamp":"Sat Nov 05 2016 18:00:43 GMT-0700 (PDT)"}
{"level":"debug","message":"New bid for User:kunal312@gmail.com, New Bid amount:679 for item id:581e80b2037a9787af06b8a3","timestamp":"Sat Nov 05 2016 23:59:04 GMT-0700 (PDT)"}
{"level":"debug","message":"New bid for User:aj2@abc.com, New Bid amount:600 for item id:581e80b2037a9787af06b8a3","timestamp":"Sun Nov 06 2016 00:40:58 GMT-0700 (PDT)"}
{"level":"debug","message":"New bid for User:aj2@abc.com, New Bid amount:698 for item id:581e80b2037a9787af06b8a3","timestamp":"Sun Nov 06 2016 00:45:50 GMT-0700 (PDT)"}
{"level":"debug","message":"New bid for User:aj2@abc.com, New Bid amount:600 for item id:581e80b2037a9787af06b8a3","timestamp":"Sun Nov 06 2016 00:45:57 GMT-0700 (PDT)"}
{"level":"debug","message":"New bid for User:kun@gmail.com, New Bid amount:250 for item id:581e80b2037a9787af06b8a3","timestamp":"Sun Nov 06 2016 00:49:17 GMT-0700 (PDT)"}
{"level":"debug","message":"New bid for User:kun@gmail.com, New Bid amount:250 for item id:581e80b2037a9787af06b8a3","timestamp":"Sun Nov 06 2016 00:49:44 GMT-0700 (PDT)"}
{"level":"debug","message":"New bid for User:kun@gmail.com, New Bid amount:250 for item id:581e80b2037a9787af06b8a3","timestamp":"Sun Nov 06 2016 00:49:48 GMT-0700 (PDT)"}
{"level":"debug","message":"New bid for User:kun@gmail.com, New Bid amount:250 for item id:581e80b2037a9787af06b8a3","timestamp":"Sun Nov 06 2016 00:50:19 GMT-0700 (PDT)"}
{"level":"debug","message":"New bid for User:kun@gmail.com, New Bid amount:250 for item id:581e80b2037a9787af06b8a3","timestamp":"Sun Nov 06 2016 00:50:31 GMT-0700 (PDT)"}
{"level":"debug","message":"New bid for User:kun@gmail.com, New Bid amount:850 for item id:581e80b2037a9787af06b8a3","timestamp":"Sun Nov 06 2016 00:50:51 GMT-0700 (PDT)"}
{"level":"debug","message":"New bid for User:kun@gmail.com, New Bid amount:950 for item id:581e80b2037a9787af06b8a3","timestamp":"Sun Nov 06 2016 00:51:40 GMT-0700 (PDT)"}
{"level":"debug","message":"New bid for User:kun@gmail.com, New Bid amount:950 for item id:581e80b2037a9787af06b8a3","timestamp":"Sun Nov 06 2016 00:52:03 GMT-0700 (PDT)"}
{"level":"debug","message":"New bid for User:kun@gmail.com, New Bid amount:950 for item id:581e80b2037a9787af06b8a3","timestamp":"Sun Nov 06 2016 00:52:36 GMT-0700 (PDT)"}
{"level":"debug","message":"New bid for User:kun@gmail.com, New Bid amount:950 for item id:581e80b2037a9787af06b8a3","timestamp":"Sun Nov 06 2016 00:54:40 GMT-0700 (PDT)"}
{"level":"debug","message":"New bid for User:kun@gmail.com, New Bid amount:950 for item id:581e80b2037a9787af06b8a3","timestamp":"Sun Nov 06 2016 00:55:31 GMT-0700 (PDT)"}
{"level":"debug","message":"New bid for User:kun@gmail.com, New Bid amount:950 for item id:581e80b2037a9787af06b8a3","timestamp":"Sun Nov 06 2016 00:56:13 GMT-0700 (PDT)"}
{"level":"debug","message":"New bid for User:kun@gmail.com, New Bid amount:890 for item id:581e80b2037a9787af06b8a3","timestamp":"Sun Nov 06 2016 00:58:46 GMT-0700 (PDT)"}
{"level":"debug","message":"New bid for User:kun@gmail.com, New Bid amount:1200 for item id:581e80b2037a9787af06b8a3","timestamp":"Sun Nov 06 2016 00:58:59 GMT-0700 (PDT)"}
{"level":"debug","message":"New bid for User:kun@gmail.com, New Bid amount:1200 for item id:581e80b2037a9787af06b8a3","timestamp":"Sun Nov 06 2016 00:59:04 GMT-0700 (PDT)"}
{"level":"debug","message":"New bid for User:kun@gmail.com, New Bid amount:251 for item id:581e80b2037a9787af06b8a3","timestamp":"Sun Nov 06 2016 01:01:14 GMT-0700 (PDT)"}
{"level":"debug","message":"New bid for User:kunal312@gmail.com, New Bid amount:1000 for item id:581e80b2037a9787af06b8a3","timestamp":"Sun Nov 06 2016 12:42:19 GMT-0800 (PST)"}
{"level":"debug","message":"New bid for User:kunal312@gmail.com, New Bid amount:1900 for item id:581e80b2037a9787af06b8a3","timestamp":"Sun Nov 06 2016 18:34:33 GMT-0800 (PST)"}
{"level":"debug","message":"New bid for User:kunal312@gmail.com, New Bid amount:1500 for item id:581e80b2037a9787af06b8a3","timestamp":"Sun Nov 06 2016 18:34:42 GMT-0800 (PST)"}
